0 verbose cli [ '/usr/bin/node', '/usr/bin/npm', 'link' ]
1 info using npm@8.5.1
2 info using node@v12.22.9
3 timing npm:load:whichnode Completed in 0ms
4 timing config:load:defaults Completed in 1ms
5 timing config:load:file:/usr/share/nodejs/npm/npmrc Completed in 2ms
6 timing config:load:builtin Completed in 3ms
7 timing config:load:cli Completed in 1ms
8 timing config:load:env Completed in 0ms
9 timing config:load:file:/root/bootdev/.npmrc Completed in 0ms
10 timing config:load:project Completed in 1ms
11 timing config:load:file:/root/.npmrc Completed in 0ms
12 timing config:load:user Completed in 0ms
13 timing config:load:file:/etc/npmrc Completed in 1ms
14 timing config:load:global Completed in 1ms
15 timing config:load:validate Completed in 0ms
16 timing config:load:credentials Completed in 0ms
17 timing config:load:setEnvs Completed in 1ms
18 timing config:load Completed in 8ms
19 timing npm:load:configload Completed in 8ms
20 timing npm:load:setTitle Completed in 1ms
21 timing config:load:flatten Completed in 2ms
22 timing npm:load:display Completed in 3ms
23 verbose logfile /root/.npm/_logs/2024-08-01T20_09_39_047Z-debug-0.log
24 timing npm:load:logFile Completed in 4ms
25 timing npm:load:timers Completed in 0ms
26 timing npm:load:configScope Completed in 0ms
27 timing npm:load Completed in 16ms
28 timing arborist:ctor Completed in 1ms
29 silly logfile start cleaning logs, removing 7 files
30 timing idealTree:init Completed in 5ms
31 timing idealTree Completed in 7ms
32 timing command:link Completed in 22ms
33 verbose stack Error: ENOENT: no such file or directory, open '/root/bootdev/package.json'
34 verbose cwd /root/bootdev
35 verbose Linux 5.15.153.1-microsoft-standard-WSL2
36 verbose argv "/usr/bin/node" "/usr/bin/npm" "link"
37 verbose node v12.22.9
38 verbose npm  v8.5.1
39 error code ENOENT
40 error syscall open
41 error path /root/bootdev/package.json
42 error errno -2
43 error enoent ENOENT: no such file or directory, open '/root/bootdev/package.json'
44 error enoent This is related to npm not being able to find a file.
44 error enoent
45 verbose exit -2
46 timing npm Completed in 168ms
47 verbose unfinished npm timer reify 1722542979191
48 verbose unfinished npm timer reify:loadTrees 1722542979202
49 verbose unfinished npm timer idealTree:userRequests 1722542979209
50 verbose code -2
51 error A complete log of this run can be found in:
51 error     /root/.npm/_logs/2024-08-01T20_09_39_047Z-debug-0.log
